<?xml version="1.0" encoding="UTF-8"?>
<testsuite xmlns:xsi="http://www.w3.org/2001/XMLSchema-instance" xsi:noNamespaceSchemaLocation="https://maven.apache.org/surefire/maven-surefire-plugin/xsd/surefire-test-report.xsd" name="com.mycompany.teste01.MathUtilTest" time="0.015" tests="2" errors="0" skipped="0" failures="0">
  <properties>
[...]
</properties>
  <testcase name="com.mycompany.teste01.MathUtilTest.testMdcAParP1" classname="com.mycompany.teste01.MathUtilTest" time="0"/>
  <testcase name="com.mycompany.teste01.MathUtilTest.testMdcAImparP1" classname="com.mycompany.teste01.MathUtilTest" time="0"/>
</testsuite>